# JRE version: OpenJDK Runtime Environment (15.0.1+9) (build 15.0.1+9-18)
# Java VM: OpenJDK 64-Bit Server VM (15.0.1+9-18, mixed mode, tiered, compressed oops, g1 gc, windows-amd64)
GC Precious Log:
 CPUs: 8 total, 8 available
 Memory: 32491M
 Large Page Support: Disabled
 NUMA Support: Disabled
 Compressed Oops: Enabled (Zero based)
 Heap Region Size: 4M
 Heap Min Capacity: 8M
 Heap Initial Capacity: 508M
 Heap Max Capacity: 8124M
 Pre-touch: Disabled
 Parallel Workers: 8
 Concurrent Workers: 2
 Concurrent Refinement Workers: 8
 Periodic GC: Disabled
Heap:
 garbage-first heap   total 245760K, used 75876K [0x0000000604400000, 0x0000000800000000)
  region size 4096K, 8 young (32768K), 3 survivors (12288K)
 Metaspace       used 88199K, capacity 89123K, committed 89296K, reserved 1126400K
  class space    used 11631K, capacity 11939K, committed 12032K, reserved 1048576K
GC Heap History (20 events):
Event: 3.985 GC heap before
{Heap before GC invocations=13 (full 0):
 garbage-first heap   total 315392K, used 206071K [0x0000000604400000, 0x0000000800000000)
  region size 4096K, 46 young (188416K), 1 survivors (4096K)
 Metaspace       used 45911K, capacity 46455K, committed 46588K, reserved 1089536K
  class space    used 5704K, capacity 5871K, committed 5888K, reserved 1048576K
}
Event: 3.992 GC heap after
{Heap after GC invocations=14 (full 0):
 garbage-first heap   total 315392K, used 32461K [0x0000000604400000, 0x0000000800000000)
  region size 4096K, 3 young (12288K), 3 survivors (12288K)
 Metaspace       used 45911K, capacity 46455K, committed 46588K, reserved 1089536K
  class space    used 5704K, capacity 5871K, committed 5888K, reserved 1048576K
}
Event: 5.231 GC heap before
{Heap before GC invocations=14 (full 0):
 garbage-first heap   total 315392K, used 208589K [0x0000000604400000, 0x0000000800000000)
  region size 4096K, 46 young (188416K), 3 survivors (12288K)
 Metaspace       used 58699K, capacity 59276K, committed 59516K, reserved 1101824K
  class space    used 7562K, capacity 7717K, committed 7808K, reserved 1048576K
}
Event: 5.238 GC heap after
{Heap after GC invocations=15 (full 0):
 garbage-first heap   total 315392K, used 37142K [0x0000000604400000, 0x0000000800000000)
  region size 4096K, 4 young (16384K), 4 survivors (16384K)
 Metaspace       used 58699K, capacity 59276K, committed 59516K, reserved 1101824K
  class space    used 7562K, capacity 7717K, committed 7808K, reserved 1048576K
}
Event: 5.350 GC heap before
{Heap before GC invocations=15 (full 0):
 garbage-first heap   total 315392K, used 57622K [0x0000000604400000, 0x0000000800000000)
  region size 4096K, 10 young (40960K), 4 survivors (16384K)
 Metaspace       used 59654K, capacity 60204K, committed 60368K, reserved 1101824K
  class space    used 7660K, capacity 7813K, committed 7936K, reserved 1048576K
}
Event: 5.356 GC heap after
{Heap after GC invocations=16 (full 0):
 garbage-first heap   total 315392K, used 37854K [0x0000000604400000, 0x0000000800000000)
  region size 4096K, 3 young (12288K), 3 survivors (12288K)
 Metaspace       used 59654K, capacity 60204K, committed 60368K, reserved 1101824K
  class space    used 7660K, capacity 7813K, committed 7936K, reserved 1048576K
}
Event: 5.772 GC heap before
{Heap before GC invocations=17 (full 0):
 garbage-first heap   total 151552K, used 115678K [0x0000000604400000, 0x0000000800000000)
  region size 4096K, 22 young (90112K), 3 survivors (12288K)
 Metaspace       used 62396K, capacity 63034K, committed 63184K, reserved 1103872K
  class space    used 8146K, capacity 8341K, committed 8448K, reserved 1048576K
}
Event: 5.779 GC heap after
{Heap after GC invocations=18 (full 0):
 garbage-first heap   total 184320K, used 39103K [0x0000000604400000, 0x0000000800000000)
  region size 4096K, 2 young (8192K), 2 survivors (8192K)
 Metaspace       used 62396K, capacity 63034K, committed 63184K, reserved 1103872K
  class space    used 8146K, capacity 8341K, committed 8448K, reserved 1048576K
}
Event: 7.480 GC heap before
{Heap before GC invocations=19 (full 0):
 garbage-first heap   total 180224K, used 141503K [0x0000000604400000, 0x0000000800000000)
  region size 4096K, 27 young (110592K), 2 survivors (8192K)
 Metaspace       used 68221K, capacity 68935K, committed 69072K, reserved 1110016K
  class space    used 8977K, capacity 9204K, committed 9216K, reserved 1048576K
}
Event: 7.486 GC heap after
{Heap after GC invocations=20 (full 0):
 garbage-first heap   total 180224K, used 42184K [0x0000000604400000, 0x0000000800000000)
  region size 4096K, 3 young (12288K), 3 survivors (12288K)
 Metaspace       used 68221K, capacity 68935K, committed 69072K, reserved 1110016K
  class space    used 8977K, capacity 9204K, committed 9216K, reserved 1048576K
}
Event: 8.031 GC heap before
{Heap before GC invocations=20 (full 0):
 garbage-first heap   total 180224K, used 136392K [0x0000000604400000, 0x0000000800000000)
  region size 4096K, 26 young (106496K), 3 survivors (12288K)
 Metaspace       used 72518K, capacity 73305K, committed 73552K, reserved 1114112K
  class space    used 9526K, capacity 9822K, committed 9856K, reserved 1048576K
}
Event: 8.040 GC heap after
{Heap after GC invocations=21 (full 0):
 garbage-first heap   total 180224K, used 47827K [0x0000000604400000, 0x0000000800000000)
  region size 4096K, 3 young (12288K), 3 survivors (12288K)
 Metaspace       used 72518K, capacity 73305K, committed 73552K, reserved 1114112K
  class space    used 9526K, capacity 9822K, committed 9856K, reserved 1048576K
}
Event: 8.646 GC heap before
{Heap before GC invocations=21 (full 0):
 garbage-first heap   total 180224K, used 142035K [0x0000000604400000, 0x0000000800000000)
  region size 4096K, 26 young (106496K), 3 survivors (12288K)
 Metaspace       used 76658K, capacity 77510K, committed 77648K, reserved 1116160K
  class space    used 10052K, capacity 10314K, committed 10368K, reserved 1048576K
}
Event: 8.653 GC heap after
{Heap after GC invocations=22 (full 0):
 garbage-first heap   total 180224K, used 51725K [0x0000000604400000, 0x0000000800000000)
  region size 4096K, 3 young (12288K), 3 survivors (12288K)
 Metaspace       used 76658K, capacity 77510K, committed 77648K, reserved 1116160K
  class space    used 10052K, capacity 10314K, committed 10368K, reserved 1048576K
}
Event: 8.875 GC heap before
{Heap before GC invocations=22 (full 0):
 garbage-first heap   total 180224K, used 80397K [0x0000000604400000, 0x0000000800000000)
  region size 4096K, 11 young (45056K), 3 survivors (12288K)
 Metaspace       used 77984K, capacity 78887K, committed 79184K, reserved 1118208K
  class space    used 10220K, capacity 10513K, committed 10624K, reserved 1048576K
}
Event: 8.881 GC heap after
{Heap after GC invocations=23 (full 0):
 garbage-first heap   total 217088K, used 53586K [0x0000000604400000, 0x0000000800000000)
  region size 4096K, 2 young (8192K), 2 survivors (8192K)
 Metaspace       used 77984K, capacity 78887K, committed 79184K, reserved 1118208K
  class space    used 10220K, capacity 10513K, committed 10624K, reserved 1048576K
}
Event: 9.663 GC heap before
{Heap before GC invocations=24 (full 0):
 garbage-first heap   total 253952K, used 246098K [0x0000000604400000, 0x0000000800000000)
  region size 4096K, 29 young (118784K), 2 survivors (8192K)
 Metaspace       used 83467K, capacity 84369K, committed 84560K, reserved 1122304K
  class space    used 11057K, capacity 11353K, committed 11392K, reserved 1048576K
}
Event: 9.671 GC heap after
{Heap after GC invocations=25 (full 0):
 garbage-first heap   total 266240K, used 138673K [0x0000000604400000, 0x0000000800000000)
  region size 4096K, 3 young (12288K), 3 survivors (12288K)
 Metaspace       used 83467K, capacity 84369K, committed 84560K, reserved 1122304K
  class space    used 11057K, capacity 11353K, committed 11392K, reserved 1048576K
}
Event: 18.425 GC heap before
{Heap before GC invocations=25 (full 0):
 garbage-first heap   total 266240K, used 216497K [0x0000000604400000, 0x0000000800000000)
  region size 4096K, 22 young (90112K), 3 survivors (12288K)
 Metaspace       used 88204K, capacity 89101K, committed 89296K, reserved 1126400K
  class space    used 11634K, capacity 11946K, committed 12032K, reserved 1048576K
}
Event: 18.432 GC heap after
{Heap after GC invocations=26 (full 0):
 garbage-first heap   total 266240K, used 141412K [0x0000000604400000, 0x0000000800000000)
  region size 4096K, 3 young (12288K), 3 survivors (12288K)
 Metaspace       used 88204K, capacity 89101K, committed 89296K, reserved 1126400K
  class space    used 11634K, capacity 11946K, committed 12032K, reserved 1048576K
}

